SF:lib/models/note.dart
DA:10,2
DA:18,2
DA:19,2
DA:20,6
DA:21,4
DA:22,6
DA:23,4
DA:24,6
DA:28,2
DA:29,2
DA:30,8
DA:32,4
DA:33,2
DA:34,2
DA:38,0
DA:42,2
DA:43,2
DA:44,2
DA:45,4
DA:46,4
DA:51,1
DA:58,1
DA:59,0
DA:60,1
DA:61,1
DA:62,1
DA:63,1
LF:27
LH:25
end_of_record
SF:lib/models/tag.dart
DA:5,1
DA:7,1
DA:8,1
DA:9,3
DA:10,2
DA:14,1
DA:15,1
DA:16,1
DA:17,1
LF:9
LH:9
end_of_record
SF:lib/database/database_helper.dart
DA:7,0
DA:11,1
DA:13,1
DA:14,1
DA:17,1
DA:19,2
DA:23,1
DA:24,1
DA:26,2
DA:29,0
DA:30,0
DA:32,0
DA:35,1
DA:36,1
DA:46,1
DA:53,1
DA:64,1
DA:65,1
DA:66,2
DA:69,1
DA:70,1
DA:71,1
DA:75,4
DA:78,1
DA:79,1
DA:80,1
DA:82,1
DA:84,2
DA:88,1
DA:89,1
DA:90,1
DA:93,1
DA:97,0
DA:98,0
DA:99,0
DA:101,0
DA:107,0
DA:108,0
DA:109,0
DA:112,0
DA:115,0
DA:116,0
DA:119,0
DA:120,0
DA:121,0
DA:122,0
DA:125,0
DA:126,0
DA:127,0
DA:131,0
DA:132,0
DA:135,0
DA:136,0
DA:137,0
DA:143,0
DA:144,0
DA:145,0
DA:146,0
DA:147,0
DA:152,0
DA:153,0
DA:154,0
DA:156,0
DA:161,0
DA:162,0
DA:163,0
DA:166,0
DA:170,0
DA:171,0
DA:173,0
DA:174,0
DA:177,0
DA:180,0
DA:183,1
DA:184,1
DA:185,1
DA:189,0
LF:77
LH:31
end_of_record
SF:lib/main.dart
DA:4,0
DA:5,0
DA:9,3
DA:11,0
DA:13,0
DA:15,0
LF:6
LH:1
end_of_record
SF:lib/screens/timeline_screen.dart
DA:9,2
DA:11,0
DA:12,0
DA:20,0
DA:22,0
DA:23,0
DA:26,0
DA:27,0
DA:28,0
DA:31,0
DA:32,0
DA:34,0
DA:35,0
DA:36,0
DA:37,0
DA:38,0
DA:41,0
DA:42,0
DA:47,0
DA:49,0
DA:50,0
DA:52,0
DA:55,0
DA:56,0
DA:57,0
DA:58,0
DA:66,0
DA:68,0
DA:69,0
DA:71,0
DA:72,0
DA:74,0
DA:75,0
DA:77,0
DA:78,0
DA:85,0
DA:87,0
DA:89,0
DA:90,0
DA:91,0
DA:92,0
DA:93,0
DA:94,0
DA:95,0
DA:96,0
DA:98,0
DA:99,0
DA:100,0
DA:101,0
DA:102,0
DA:107,0
DA:113,0
DA:114,0
DA:116,0
DA:117,0
DA:123,0
DA:124,0
DA:125,0
DA:127,0
DA:129,0
DA:130,0
LF:61
LH:1
end_of_record
SF:lib/screens/compose_screen.dart
DA:9,2
DA:11,0
DA:12,0
DA:21,0
DA:23,0
DA:24,0
DA:27,0
DA:29,0
DA:31,0
DA:34,0
DA:35,0
DA:36,0
DA:42,0
DA:43,0
DA:44,0
DA:50,0
DA:53,0
DA:54,0
DA:55,0
DA:57,0
DA:60,0
DA:63,0
DA:64,0
DA:65,0
DA:66,0
DA:70,0
DA:71,0
DA:74,0
DA:75,0
DA:76,0
DA:77,0
DA:83,0
DA:84,0
DA:85,0
DA:86,0
DA:88,0
DA:90,0
DA:91,0
DA:94,0
DA:95,0
DA:96,0
DA:99,0
DA:102,0
DA:103,0
DA:104,0
DA:113,0
DA:115,0
DA:116,0
DA:118,0
DA:119,0
DA:120,0
DA:121,0
DA:131,0
DA:132,0
DA:133,0
DA:134,0
DA:135,0
DA:145,0
DA:146,0
DA:148,0
DA:151,0
DA:152,0
DA:153,0
DA:155,0
DA:156,0
DA:157,0
DA:158,0
DA:159,0
DA:160,0
DA:166,0
DA:169,0
DA:170,0
DA:171,0
DA:173,0
DA:174,0
DA:192,0
DA:194,0
DA:195,0
DA:196,0
DA:198,0
DA:200,0
DA:202,0
LF:82
LH:1
end_of_record
SF:lib/services/tag_service.dart
DA:6,3
DA:8,1
DA:9,2
DA:10,5
DA:13,0
DA:17,0
DA:19,0
DA:20,0
DA:22,0
DA:23,0
DA:26,0
DA:28,0
DA:36,0
DA:37,0
DA:40,0
DA:43,0
DA:44,0
LF:17
LH:4
end_of_record
SF:lib/screens/search_screen.dart
DA:9,0
DA:13,0
DA:15,0
DA:16,0
DA:23,0
DA:25,0
DA:26,0
DA:29,0
DA:30,0
DA:31,0
DA:32,0
DA:33,0
DA:35,0
DA:39,0
DA:41,0
DA:42,0
DA:45,0
DA:47,0
DA:48,0
DA:49,0
DA:50,0
DA:55,0
DA:58,0
DA:60,0
DA:61,0
DA:62,0
DA:63,0
DA:64,0
DA:66,0
LF:29
LH:0
end_of_record
SF:lib/widgets/note_card.dart
DA:13,0
DA:19,0
DA:21,0
DA:23,0
DA:25,0
DA:26,0
DA:27,0
DA:29,0
DA:31,0
DA:32,0
DA:34,0
DA:35,0
DA:37,0
DA:39,0
DA:40,0
DA:41,0
DA:43,0
DA:44,0
DA:45,0
DA:46,0
DA:55,0
DA:56,0
DA:58,0
DA:61,0
DA:62,0
DA:63,0
DA:66,0
DA:67,0
DA:68,0
DA:69,0
DA:70,0
DA:71,0
DA:74,0
DA:75,0
DA:76,0
DA:77,0
DA:79,0
LF:37
LH:0
end_of_record
SF:lib/widgets/tag_chip.dart
DA:8,0
DA:13,0
DA:15,0
DA:17,0
DA:18,0
DA:19,0
DA:20,0
DA:21,0
DA:22,0
LF:9
LH:0
end_of_record
